2018/06/11 06:09:27 [error] [exception.CHttpException.404] CHttpException: Unable to resolve the request "blog". in C:\xampp\htdocs\yiiblog\framework\web\CWebApplication.php:286
Stack trace:
#0 C:\xampp\htdocs\yiiblog\framework\web\CWebApplication.php(141): CWebApplication->runController('blog')
#1 C:\xampp\htdocs\yiiblog\framework\base\CApplication.php(185): CWebApplication->processRequest()
#2 C:\xampp\htdocs\yiiblog\index.php(13): CApplication->run()
#3 {main}
REQUEST_URI=/yiiblog/index.php/blog
---
2018/06/11 10:56:21 [error] [exception.CHttpException.400] CHttpException: Your request is invalid. in C:\xampp\htdocs\yiiblog\framework\web\CController.php:337
Stack trace:
#0 C:\xampp\htdocs\yiiblog\framework\web\CController.php(309): CController->invalidActionParams(Object(CInlineAction))
#1 C:\xampp\htdocs\yiiblog\framework\web\filters\CFilterChain.php(134): CController->runAction(Object(CInlineAction))
#2 C:\xampp\htdocs\yiiblog\framework\web\filters\CFilter.php(40): CFilterChain->run()
#3 C:\xampp\htdocs\yiiblog\framework\web\CController.php(1148): CFilter->filter(Object(CFilterChain))
#4 C:\xampp\htdocs\yiiblog\framework\web\filters\CInlineFilter.php(58): CController->filterAccessControl(Object(CFilterChain))
#5 C:\xampp\htdocs\yiiblog\framework\web\filters\CFilterChain.php(131): CInlineFilter->filter(Object(CFilterChain))
#6 C:\xampp\htdocs\yiiblog\framework\web\CController.php(291): CFilterChain->run()
#7 C:\xampp\htdocs\yiiblog\framework\web\CController.php(265): CController->runActionWithFilters(Object(CInlineAction), Array)
#8 C:\xampp\htdocs\yiiblog\framework\web\CWebApplication.php(282): CController->run('view')
#9 C:\xampp\htdocs\yiiblog\framework\web\CWebApplication.php(141): CWebApplication->runController('post/view')
#10 C:\xampp\htdocs\yiiblog\framework\base\CApplication.php(185): CWebApplication->processRequest()
#11 C:\xampp\htdocs\yiiblog\index.php(13): CApplication->run()
#12 {main}
REQUEST_URI=/yiiblog/index.php/post/view
---
2018/06/11 11:13:10 [error] [exception.CHttpException.404] CHttpException: The system is unable to find the requested action "index.php". in C:\xampp\htdocs\yiiblog\framework\web\CController.php:486
Stack trace:
#0 C:\xampp\htdocs\yiiblog\framework\web\CController.php(270): CController->missingAction('index.php')
#1 C:\xampp\htdocs\yiiblog\framework\web\CWebApplication.php(282): CController->run('index.php')
#2 C:\xampp\htdocs\yiiblog\framework\web\CWebApplication.php(141): CWebApplication->runController('post/index.php')
#3 C:\xampp\htdocs\yiiblog\framework\base\CApplication.php(185): CWebApplication->processRequest()
#4 C:\xampp\htdocs\yiiblog\index.php(13): CApplication->run()
#5 {main}
REQUEST_URI=/yiiblog/index.php/post/index.php?r=post
---
2018/06/11 11:13:22 [error] [exception.CHttpException.404] CHttpException: The system is unable to find the requested action "index.php". in C:\xampp\htdocs\yiiblog\framework\web\CController.php:486
Stack trace:
#0 C:\xampp\htdocs\yiiblog\framework\web\CController.php(270): CController->missingAction('index.php')
#1 C:\xampp\htdocs\yiiblog\framework\web\CWebApplication.php(282): CController->run('index.php')
#2 C:\xampp\htdocs\yiiblog\framework\web\CWebApplication.php(141): CWebApplication->runController('post/index.php')
#3 C:\xampp\htdocs\yiiblog\framework\base\CApplication.php(185): CWebApplication->processRequest()
#4 C:\xampp\htdocs\yiiblog\index.php(13): CApplication->run()
#5 {main}
REQUEST_URI=/yiiblog/index.php/post/index.php?r=view
---
2018/06/11 11:16:51 [error] [exception.CHttpException.400] CHttpException: Your request is invalid. in C:\xampp\htdocs\yiiblog\framework\web\CController.php:337
Stack trace:
#0 C:\xampp\htdocs\yiiblog\framework\web\CController.php(309): CController->invalidActionParams(Object(CInlineAction))
#1 C:\xampp\htdocs\yiiblog\framework\web\filters\CFilterChain.php(134): CController->runAction(Object(CInlineAction))
#2 C:\xampp\htdocs\yiiblog\framework\web\filters\CFilter.php(40): CFilterChain->run()
#3 C:\xampp\htdocs\yiiblog\framework\web\CController.php(1148): CFilter->filter(Object(CFilterChain))
#4 C:\xampp\htdocs\yiiblog\framework\web\filters\CInlineFilter.php(58): CController->filterAccessControl(Object(CFilterChain))
#5 C:\xampp\htdocs\yiiblog\framework\web\filters\CFilterChain.php(131): CInlineFilter->filter(Object(CFilterChain))
#6 C:\xampp\htdocs\yiiblog\framework\web\CController.php(291): CFilterChain->run()
#7 C:\xampp\htdocs\yiiblog\framework\web\CController.php(265): CController->runActionWithFilters(Object(CInlineAction), Array)
#8 C:\xampp\htdocs\yiiblog\framework\web\CWebApplication.php(282): CController->run('view')
#9 C:\xampp\htdocs\yiiblog\framework\web\CWebApplication.php(141): CWebApplication->runController('post/view')
#10 C:\xampp\htdocs\yiiblog\framework\base\CApplication.php(185): CWebApplication->processRequest()
#11 C:\xampp\htdocs\yiiblog\index.php(13): CApplication->run()
#12 {main}
REQUEST_URI=/yiiblog/index.php/post/view
---
2018/06/11 11:16:59 [error] [exception.CHttpException.400] CHttpException: Your request is invalid. in C:\xampp\htdocs\yiiblog\framework\web\CController.php:337
Stack trace:
#0 C:\xampp\htdocs\yiiblog\framework\web\CController.php(309): CController->invalidActionParams(Object(CInlineAction))
#1 C:\xampp\htdocs\yiiblog\framework\web\filters\CFilterChain.php(134): CController->runAction(Object(CInlineAction))
#2 C:\xampp\htdocs\yiiblog\framework\web\filters\CFilter.php(40): CFilterChain->run()
#3 C:\xampp\htdocs\yiiblog\framework\web\CController.php(1148): CFilter->filter(Object(CFilterChain))
#4 C:\xampp\htdocs\yiiblog\framework\web\filters\CInlineFilter.php(58): CController->filterAccessControl(Object(CFilterChain))
#5 C:\xampp\htdocs\yiiblog\framework\web\filters\CFilterChain.php(131): CInlineFilter->filter(Object(CFilterChain))
#6 C:\xampp\htdocs\yiiblog\framework\web\CController.php(291): CFilterChain->run()
#7 C:\xampp\htdocs\yiiblog\framework\web\CController.php(265): CController->runActionWithFilters(Object(CInlineAction), Array)
#8 C:\xampp\htdocs\yiiblog\framework\web\CWebApplication.php(282): CController->run('View')
#9 C:\xampp\htdocs\yiiblog\framework\web\CWebApplication.php(141): CWebApplication->runController('post/View')
#10 C:\xampp\htdocs\yiiblog\framework\base\CApplication.php(185): CWebApplication->processRequest()
#11 C:\xampp\htdocs\yiiblog\index.php(13): CApplication->run()
#12 {main}
REQUEST_URI=/yiiblog/index.php/post/View
---
2018/06/11 11:17:32 [error] [exception.CHttpException.400] CHttpException: Your request is invalid. in C:\xampp\htdocs\yiiblog\framework\web\CController.php:337
Stack trace:
#0 C:\xampp\htdocs\yiiblog\framework\web\CController.php(309): CController->invalidActionParams(Object(CInlineAction))
#1 C:\xampp\htdocs\yiiblog\framework\web\filters\CFilterChain.php(134): CController->runAction(Object(CInlineAction))
#2 C:\xampp\htdocs\yiiblog\framework\web\filters\CFilter.php(40): CFilterChain->run()
#3 C:\xampp\htdocs\yiiblog\framework\web\CController.php(1148): CFilter->filter(Object(CFilterChain))
#4 C:\xampp\htdocs\yiiblog\framework\web\filters\CInlineFilter.php(58): CController->filterAccessControl(Object(CFilterChain))
#5 C:\xampp\htdocs\yiiblog\framework\web\filters\CFilterChain.php(131): CInlineFilter->filter(Object(CFilterChain))
#6 C:\xampp\htdocs\yiiblog\framework\web\CController.php(291): CFilterChain->run()
#7 C:\xampp\htdocs\yiiblog\framework\web\CController.php(265): CController->runActionWithFilters(Object(CInlineAction), Array)
#8 C:\xampp\htdocs\yiiblog\framework\web\CWebApplication.php(282): CController->run('View')
#9 C:\xampp\htdocs\yiiblog\framework\web\CWebApplication.php(141): CWebApplication->runController('post/View')
#10 C:\xampp\htdocs\yiiblog\framework\base\CApplication.php(185): CWebApplication->processRequest()
#11 C:\xampp\htdocs\yiiblog\index.php(13): CApplication->run()
#12 {main}
REQUEST_URI=/yiiblog/index.php/post/View
---
2018/06/11 11:17:40 [error] [exception.CHttpException.400] CHttpException: Your request is invalid. in C:\xampp\htdocs\yiiblog\framework\web\CController.php:337
Stack trace:
#0 C:\xampp\htdocs\yiiblog\framework\web\CController.php(309): CController->invalidActionParams(Object(CInlineAction))
#1 C:\xampp\htdocs\yiiblog\framework\web\filters\CFilterChain.php(134): CController->runAction(Object(CInlineAction))
#2 C:\xampp\htdocs\yiiblog\framework\web\filters\CFilter.php(40): CFilterChain->run()
#3 C:\xampp\htdocs\yiiblog\framework\web\CController.php(1148): CFilter->filter(Object(CFilterChain))
#4 C:\xampp\htdocs\yiiblog\framework\web\filters\CInlineFilter.php(58): CController->filterAccessControl(Object(CFilterChain))
#5 C:\xampp\htdocs\yiiblog\framework\web\filters\CFilterChain.php(131): CInlineFilter->filter(Object(CFilterChain))
#6 C:\xampp\htdocs\yiiblog\framework\web\CController.php(291): CFilterChain->run()
#7 C:\xampp\htdocs\yiiblog\framework\web\CController.php(265): CController->runActionWithFilters(Object(CInlineAction), Array)
#8 C:\xampp\htdocs\yiiblog\framework\web\CWebApplication.php(282): CController->run('view')
#9 C:\xampp\htdocs\yiiblog\framework\web\CWebApplication.php(141): CWebApplication->runController('post/view')
#10 C:\xampp\htdocs\yiiblog\framework\base\CApplication.php(185): CWebApplication->processRequest()
#11 C:\xampp\htdocs\yiiblog\index.php(13): CApplication->run()
#12 {main}
REQUEST_URI=/yiiblog/index.php/post/view
---
2018/06/11 11:20:46 [error] [exception.CHttpException.404] CHttpException: not found in C:\xampp\htdocs\yiiblog\protected\controllers\PostController.php:162
Stack trace:
#0 C:\xampp\htdocs\yiiblog\protected\controllers\PostController.php(51): PostController->loadModel()
#1 [internal function]: PostController->actionView('1')
#2 C:\xampp\htdocs\yiiblog\framework\web\actions\CAction.php(109): ReflectionMethod->invokeArgs(Object(PostController), Array)
#3 C:\xampp\htdocs\yiiblog\framework\web\actions\CInlineAction.php(47): CAction->runWithParamsInternal(Object(PostController), Object(ReflectionMethod), Array)
#4 C:\xampp\htdocs\yiiblog\framework\web\CController.php(308): CInlineAction->runWithParams(Array)
#5 C:\xampp\htdocs\yiiblog\framework\web\filters\CFilterChain.php(134): CController->runAction(Object(CInlineAction))
#6 C:\xampp\htdocs\yiiblog\framework\web\filters\CFilter.php(40): CFilterChain->run()
#7 C:\xampp\htdocs\yiiblog\framework\web\CController.php(1148): CFilter->filter(Object(CFilterChain))
#8 C:\xampp\htdocs\yiiblog\framework\web\filters\CInlineFilter.php(58): CController->filterAccessControl(Object(CFilterChain))
#9 C:\xampp\htdocs\yiiblog\framework\web\filters\CFilterChain.php(131): CInlineFilter->filter(Object(CFilterChain))
#10 C:\xampp\htdocs\yiiblog\framework\web\CController.php(291): CFilterChain->run()
#11 C:\xampp\htdocs\yiiblog\framework\web\CController.php(265): CController->runActionWithFilters(Object(CInlineAction), Array)
#12 C:\xampp\htdocs\yiiblog\framework\web\CWebApplication.php(282): CController->run('view')
#13 C:\xampp\htdocs\yiiblog\framework\web\CWebApplication.php(141): CWebApplication->runController('post/view/id/1')
#14 C:\xampp\htdocs\yiiblog\framework\base\CApplication.php(185): CWebApplication->processRequest()
#15 C:\xampp\htdocs\yiiblog\index.php(13): CApplication->run()
#16 {main}
REQUEST_URI=/yiiblog/index.php/post/view/id/1
---
2018/06/11 11:20:49 [error] [exception.CHttpException.404] CHttpException: not found in C:\xampp\htdocs\yiiblog\protected\controllers\PostController.php:162
Stack trace:
#0 C:\xampp\htdocs\yiiblog\protected\controllers\PostController.php(51): PostController->loadModel()
#1 [internal function]: PostController->actionView('1')
#2 C:\xampp\htdocs\yiiblog\framework\web\actions\CAction.php(109): ReflectionMethod->invokeArgs(Object(PostController), Array)
#3 C:\xampp\htdocs\yiiblog\framework\web\actions\CInlineAction.php(47): CAction->runWithParamsInternal(Object(PostController), Object(ReflectionMethod), Array)
#4 C:\xampp\htdocs\yiiblog\framework\web\CController.php(308): CInlineAction->runWithParams(Array)
#5 C:\xampp\htdocs\yiiblog\framework\web\filters\CFilterChain.php(134): CController->runAction(Object(CInlineAction))
#6 C:\xampp\htdocs\yiiblog\framework\web\filters\CFilter.php(40): CFilterChain->run()
#7 C:\xampp\htdocs\yiiblog\framework\web\CController.php(1148): CFilter->filter(Object(CFilterChain))
#8 C:\xampp\htdocs\yiiblog\framework\web\filters\CInlineFilter.php(58): CController->filterAccessControl(Object(CFilterChain))
#9 C:\xampp\htdocs\yiiblog\framework\web\filters\CFilterChain.php(131): CInlineFilter->filter(Object(CFilterChain))
#10 C:\xampp\htdocs\yiiblog\framework\web\CController.php(291): CFilterChain->run()
#11 C:\xampp\htdocs\yiiblog\framework\web\CController.php(265): CController->runActionWithFilters(Object(CInlineAction), Array)
#12 C:\xampp\htdocs\yiiblog\framework\web\CWebApplication.php(282): CController->run('view')
#13 C:\xampp\htdocs\yiiblog\framework\web\CWebApplication.php(141): CWebApplication->runController('post/view/id/1')
#14 C:\xampp\htdocs\yiiblog\framework\base\CApplication.php(185): CWebApplication->processRequest()
#15 C:\xampp\htdocs\yiiblog\index.php(13): CApplication->run()
#16 {main}
REQUEST_URI=/yiiblog/index.php/post/view/id/1
---
2018/06/11 11:23:01 [error] [exception.CHttpException.404] CHttpException: not found in C:\xampp\htdocs\yiiblog\protected\controllers\PostController.php:162
Stack trace:
#0 C:\xampp\htdocs\yiiblog\protected\controllers\PostController.php(51): PostController->loadModel()
#1 [internal function]: PostController->actionView('1')
#2 C:\xampp\htdocs\yiiblog\framework\web\actions\CAction.php(109): ReflectionMethod->invokeArgs(Object(PostController), Array)
#3 C:\xampp\htdocs\yiiblog\framework\web\actions\CInlineAction.php(47): CAction->runWithParamsInternal(Object(PostController), Object(ReflectionMethod), Array)
#4 C:\xampp\htdocs\yiiblog\framework\web\CController.php(308): CInlineAction->runWithParams(Array)
#5 C:\xampp\htdocs\yiiblog\framework\web\filters\CFilterChain.php(134): CController->runAction(Object(CInlineAction))
#6 C:\xampp\htdocs\yiiblog\framework\web\filters\CFilter.php(40): CFilterChain->run()
#7 C:\xampp\htdocs\yiiblog\framework\web\CController.php(1148): CFilter->filter(Object(CFilterChain))
#8 C:\xampp\htdocs\yiiblog\framework\web\filters\CInlineFilter.php(58): CController->filterAccessControl(Object(CFilterChain))
#9 C:\xampp\htdocs\yiiblog\framework\web\filters\CFilterChain.php(131): CInlineFilter->filter(Object(CFilterChain))
#10 C:\xampp\htdocs\yiiblog\framework\web\CController.php(291): CFilterChain->run()
#11 C:\xampp\htdocs\yiiblog\framework\web\CController.php(265): CController->runActionWithFilters(Object(CInlineAction), Array)
#12 C:\xampp\htdocs\yiiblog\framework\web\CWebApplication.php(282): CController->run('view')
#13 C:\xampp\htdocs\yiiblog\framework\web\CWebApplication.php(141): CWebApplication->runController('post/view/id/1')
#14 C:\xampp\htdocs\yiiblog\framework\base\CApplication.php(185): CWebApplication->processRequest()
#15 C:\xampp\htdocs\yiiblog\index.php(13): CApplication->run()
#16 {main}
REQUEST_URI=/yiiblog/index.php/post/view/id/1
---
2018/06/11 11:29:50 [error] [exception.CHttpException.404] CHttpException: not found in C:\xampp\htdocs\yiiblog\protected\controllers\PostController.php:163
Stack trace:
#0 C:\xampp\htdocs\yiiblog\protected\controllers\PostController.php(51): PostController->loadModel()
#1 [internal function]: PostController->actionView('1')
#2 C:\xampp\htdocs\yiiblog\framework\web\actions\CAction.php(109): ReflectionMethod->invokeArgs(Object(PostController), Array)
#3 C:\xampp\htdocs\yiiblog\framework\web\actions\CInlineAction.php(47): CAction->runWithParamsInternal(Object(PostController), Object(ReflectionMethod), Array)
#4 C:\xampp\htdocs\yiiblog\framework\web\CController.php(308): CInlineAction->runWithParams(Array)
#5 C:\xampp\htdocs\yiiblog\framework\web\filters\CFilterChain.php(134): CController->runAction(Object(CInlineAction))
#6 C:\xampp\htdocs\yiiblog\framework\web\filters\CFilter.php(40): CFilterChain->run()
#7 C:\xampp\htdocs\yiiblog\framework\web\CController.php(1148): CFilter->filter(Object(CFilterChain))
#8 C:\xampp\htdocs\yiiblog\framework\web\filters\CInlineFilter.php(58): CController->filterAccessControl(Object(CFilterChain))
#9 C:\xampp\htdocs\yiiblog\framework\web\filters\CFilterChain.php(131): CInlineFilter->filter(Object(CFilterChain))
#10 C:\xampp\htdocs\yiiblog\framework\web\CController.php(291): CFilterChain->run()
#11 C:\xampp\htdocs\yiiblog\framework\web\CController.php(265): CController->runActionWithFilters(Object(CInlineAction), Array)
#12 C:\xampp\htdocs\yiiblog\framework\web\CWebApplication.php(282): CController->run('view')
#13 C:\xampp\htdocs\yiiblog\framework\web\CWebApplication.php(141): CWebApplication->runController('post/view/id/1')
#14 C:\xampp\htdocs\yiiblog\framework\base\CApplication.php(185): CWebApplication->processRequest()
#15 C:\xampp\htdocs\yiiblog\index.php(13): CApplication->run()
#16 {main}
REQUEST_URI=/yiiblog/index.php/post/view/id/1
---
2018/06/11 11:34:53 [error] [exception.CHttpException.404] CHttpException: not found in C:\xampp\htdocs\yiiblog\protected\controllers\PostController.php:163
Stack trace:
#0 C:\xampp\htdocs\yiiblog\protected\controllers\PostController.php(51): PostController->loadModel()
#1 [internal function]: PostController->actionView('1')
#2 C:\xampp\htdocs\yiiblog\framework\web\actions\CAction.php(109): ReflectionMethod->invokeArgs(Object(PostController), Array)
#3 C:\xampp\htdocs\yiiblog\framework\web\actions\CInlineAction.php(47): CAction->runWithParamsInternal(Object(PostController), Object(ReflectionMethod), Array)
#4 C:\xampp\htdocs\yiiblog\framework\web\CController.php(308): CInlineAction->runWithParams(Array)
#5 C:\xampp\htdocs\yiiblog\framework\web\filters\CFilterChain.php(134): CController->runAction(Object(CInlineAction))
#6 C:\xampp\htdocs\yiiblog\framework\web\filters\CFilter.php(40): CFilterChain->run()
#7 C:\xampp\htdocs\yiiblog\framework\web\CController.php(1148): CFilter->filter(Object(CFilterChain))
#8 C:\xampp\htdocs\yiiblog\framework\web\filters\CInlineFilter.php(58): CController->filterAccessControl(Object(CFilterChain))
#9 C:\xampp\htdocs\yiiblog\framework\web\filters\CFilterChain.php(131): CInlineFilter->filter(Object(CFilterChain))
#10 C:\xampp\htdocs\yiiblog\framework\web\CController.php(291): CFilterChain->run()
#11 C:\xampp\htdocs\yiiblog\framework\web\CController.php(265): CController->runActionWithFilters(Object(CInlineAction), Array)
#12 C:\xampp\htdocs\yiiblog\framework\web\CWebApplication.php(282): CController->run('view')
#13 C:\xampp\htdocs\yiiblog\framework\web\CWebApplication.php(141): CWebApplication->runController('post/view/id/1')
#14 C:\xampp\htdocs\yiiblog\framework\base\CApplication.php(185): CWebApplication->processRequest()
#15 C:\xampp\htdocs\yiiblog\index.php(13): CApplication->run()
#16 {main}
REQUEST_URI=/yiiblog/index.php/post/view/id/1
---
2018/06/11 11:35:02 [error] [exception.CHttpException.404] CHttpException: not found in C:\xampp\htdocs\yiiblog\protected\controllers\PostController.php:163
Stack trace:
#0 C:\xampp\htdocs\yiiblog\protected\controllers\PostController.php(51): PostController->loadModel()
#1 [internal function]: PostController->actionView('1')
#2 C:\xampp\htdocs\yiiblog\framework\web\actions\CAction.php(109): ReflectionMethod->invokeArgs(Object(PostController), Array)
#3 C:\xampp\htdocs\yiiblog\framework\web\actions\CInlineAction.php(47): CAction->runWithParamsInternal(Object(PostController), Object(ReflectionMethod), Array)
#4 C:\xampp\htdocs\yiiblog\framework\web\CController.php(308): CInlineAction->runWithParams(Array)
#5 C:\xampp\htdocs\yiiblog\framework\web\filters\CFilterChain.php(134): CController->runAction(Object(CInlineAction))
#6 C:\xampp\htdocs\yiiblog\framework\web\filters\CFilter.php(40): CFilterChain->run()
#7 C:\xampp\htdocs\yiiblog\framework\web\CController.php(1148): CFilter->filter(Object(CFilterChain))
#8 C:\xampp\htdocs\yiiblog\framework\web\filters\CInlineFilter.php(58): CController->filterAccessControl(Object(CFilterChain))
#9 C:\xampp\htdocs\yiiblog\framework\web\filters\CFilterChain.php(131): CInlineFilter->filter(Object(CFilterChain))
#10 C:\xampp\htdocs\yiiblog\framework\web\CController.php(291): CFilterChain->run()
#11 C:\xampp\htdocs\yiiblog\framework\web\CController.php(265): CController->runActionWithFilters(Object(CInlineAction), Array)
#12 C:\xampp\htdocs\yiiblog\framework\web\CWebApplication.php(282): CController->run('view')
#13 C:\xampp\htdocs\yiiblog\framework\web\CWebApplication.php(141): CWebApplication->runController('post/view/id/1')
#14 C:\xampp\htdocs\yiiblog\framework\base\CApplication.php(185): CWebApplication->processRequest()
#15 C:\xampp\htdocs\yiiblog\index.php(13): CApplication->run()
#16 {main}
REQUEST_URI=/yiiblog/index.php/post/view/id/1
---
2018/06/11 11:36:10 [error] [system.db.CDbCommand] CDbCommand::fetch() failed: SQLSTATE[42000]: Syntax error or access violation: 1064 You have an error in your SQL syntax; check the manual that corresponds to your MariaDB server version for the right syntax to use near 'OR status=3) LIMIT 1' at line 1. The SQL statement executed was: SELECT * FROM `tbl_post` `t` WHERE `t`.`id`=1 AND (status=OR status=3) LIMIT 1.
in C:\xampp\htdocs\yiiblog\protected\controllers\PostController.php (157)
in C:\xampp\htdocs\yiiblog\protected\controllers\PostController.php (51)
in C:\xampp\htdocs\yiiblog\index.php (13)
2018/06/11 11:36:10 [error] [exception.CDbException] CDbException: CDbCommand failed to execute the SQL statement: SQLSTATE[42000]: Syntax error or access violation: 1064 You have an error in your SQL syntax; check the manual that corresponds to your MariaDB server version for the right syntax to use near 'OR status=3) LIMIT 1' at line 1. The SQL statement executed was: SELECT * FROM `tbl_post` `t` WHERE `t`.`id`=1 AND (status=OR status=3) LIMIT 1 in C:\xampp\htdocs\yiiblog\framework\db\CDbCommand.php:543
Stack trace:
#0 C:\xampp\htdocs\yiiblog\framework\db\CDbCommand.php(415): CDbCommand->queryInternal('fetch', Array, Array)
#1 C:\xampp\htdocs\yiiblog\framework\db\ar\CActiveRecord.php(1359): CDbCommand->queryRow()
#2 C:\xampp\htdocs\yiiblog\framework\db\ar\CActiveRecord.php(1494): CActiveRecord->query(Object(CDbCriteria))
#3 C:\xampp\htdocs\yiiblog\protected\controllers\PostController.php(157): CActiveRecord->findByPk('1', 'status=OR statu...')
#4 C:\xampp\htdocs\yiiblog\protected\controllers\PostController.php(51): PostController->loadModel()
#5 [internal function]: PostController->actionView('1')
#6 C:\xampp\htdocs\yiiblog\framework\web\actions\CAction.php(109): ReflectionMethod->invokeArgs(Object(PostController), Array)
#7 C:\xampp\htdocs\yiiblog\framework\web\actions\CInlineAction.php(47): CAction->runWithParamsInternal(Object(PostController), Object(ReflectionMethod), Array)
#8 C:\xampp\htdocs\yiiblog\framework\web\CController.php(308): CInlineAction->runWithParams(Array)
#9 C:\xampp\htdocs\yiiblog\framework\web\filters\CFilterChain.php(134): CController->runAction(Object(CInlineAction))
#10 C:\xampp\htdocs\yiiblog\framework\web\filters\CFilter.php(40): CFilterChain->run()
#11 C:\xampp\htdocs\yiiblog\framework\web\CController.php(1148): CFilter->filter(Object(CFilterChain))
#12 C:\xampp\htdocs\yiiblog\framework\web\filters\CInlineFilter.php(58): CController->filterAccessControl(Object(CFilterChain))
#13 C:\xampp\htdocs\yiiblog\framework\web\filters\CFilterChain.php(131): CInlineFilter->filter(Object(CFilterChain))
#14 C:\xampp\htdocs\yiiblog\framework\web\CController.php(291): CFilterChain->run()
#15 C:\xampp\htdocs\yiiblog\framework\web\CController.php(265): CController->runActionWithFilters(Object(CInlineAction), Array)
#16 C:\xampp\htdocs\yiiblog\framework\web\CWebApplication.php(282): CController->run('view')
#17 C:\xampp\htdocs\yiiblog\framework\web\CWebApplication.php(141): CWebApplication->runController('post/view/id/1')
#18 C:\xampp\htdocs\yiiblog\framework\base\CApplication.php(185): CWebApplication->processRequest()
#19 C:\xampp\htdocs\yiiblog\index.php(13): CApplication->run()
#20 {main}
REQUEST_URI=/yiiblog/index.php/post/view/id/1
---
2018/06/11 14:01:49 [error] [exception.Error] Error: Access to undeclared static property: Lookup::$_items in C:\xampp\htdocs\yiiblog\protected\models\Lookup.php:111
Stack trace:
#0 C:\xampp\htdocs\yiiblog\protected\models\Lookup.php(98): Lookup::loadItems('PostStatus')
#1 C:\xampp\htdocs\yiiblog\protected\views\post\_form.php(65): Lookup::items('PostStatus')
#2 C:\xampp\htdocs\yiiblog\framework\web\CBaseController.php(126): require('C:\\xampp\\htdocs...')
#3 C:\xampp\htdocs\yiiblog\framework\web\CBaseController.php(95): CBaseController->renderInternal('C:\\xampp\\htdocs...', Array, true)
#4 C:\xampp\htdocs\yiiblog\framework\web\CController.php(872): CBaseController->renderFile('C:\\xampp\\htdocs...', Array, true)
#5 C:\xampp\htdocs\yiiblog\protected\views\post\create.php(18): CController->renderPartial('_form', Array)
#6 C:\xampp\htdocs\yiiblog\framework\web\CBaseController.php(126): require('C:\\xampp\\htdocs...')
#7 C:\xampp\htdocs\yiiblog\framework\web\CBaseController.php(95): CBaseController->renderInternal('C:\\xampp\\htdocs...', Array, true)
#8 C:\xampp\htdocs\yiiblog\framework\web\CController.php(872): CBaseController->renderFile('C:\\xampp\\htdocs...', Array, true)
#9 C:\xampp\htdocs\yiiblog\framework\web\CController.php(785): CController->renderPartial('create', Array, true)
#10 C:\xampp\htdocs\yiiblog\protected\controllers\PostController.php(76): CController->render('create', Array)
#11 C:\xampp\htdocs\yiiblog\framework\web\actions\CInlineAction.php(49): PostController->actionCreate()
#12 C:\xampp\htdocs\yiiblog\framework\web\CController.php(308): CInlineAction->runWithParams(Array)
#13 C:\xampp\htdocs\yiiblog\framework\web\filters\CFilterChain.php(134): CController->runAction(Object(CInlineAction))
#14 C:\xampp\htdocs\yiiblog\framework\web\filters\CFilter.php(40): CFilterChain->run()
#15 C:\xampp\htdocs\yiiblog\framework\web\CController.php(1148): CFilter->filter(Object(CFilterChain))
#16 C:\xampp\htdocs\yiiblog\framework\web\filters\CInlineFilter.php(58): CController->filterAccessControl(Object(CFilterChain))
#17 C:\xampp\htdocs\yiiblog\framework\web\filters\CFilterChain.php(131): CInlineFilter->filter(Object(CFilterChain))
#18 C:\xampp\htdocs\yiiblog\framework\web\CController.php(291): CFilterChain->run()
#19 C:\xampp\htdocs\yiiblog\framework\web\CController.php(265): CController->runActionWithFilters(Object(CInlineAction), Array)
#20 C:\xampp\htdocs\yiiblog\framework\web\CWebApplication.php(282): CController->run('create')
#21 C:\xampp\htdocs\yiiblog\framework\web\CWebApplication.php(141): CWebApplication->runController('post/create')
#22 C:\xampp\htdocs\yiiblog\framework\base\CApplication.php(185): CWebApplication->processRequest()
#23 C:\xampp\htdocs\yiiblog\index.php(13): CApplication->run()
#24 {main}
REQUEST_URI=/yiiblog/index.php/post/create
HTTP_REFERER=http://localhost/yiiblog/index.php/post/admin
---
2018/06/11 14:08:26 [error] [exception.Error] Error: Access to undeclared static property: Lookup::$_items in C:\xampp\htdocs\yiiblog\protected\models\Lookup.php:111
Stack trace:
#0 C:\xampp\htdocs\yiiblog\protected\models\Lookup.php(98): Lookup::loadItems('PostStatus')
#1 C:\xampp\htdocs\yiiblog\protected\views\post\_form.php(65): Lookup::items('PostStatus')
#2 C:\xampp\htdocs\yiiblog\framework\web\CBaseController.php(126): require('C:\\xampp\\htdocs...')
#3 C:\xampp\htdocs\yiiblog\framework\web\CBaseController.php(95): CBaseController->renderInternal('C:\\xampp\\htdocs...', Array, true)
#4 C:\xampp\htdocs\yiiblog\framework\web\CController.php(872): CBaseController->renderFile('C:\\xampp\\htdocs...', Array, true)
#5 C:\xampp\htdocs\yiiblog\protected\views\post\create.php(18): CController->renderPartial('_form', Array)
#6 C:\xampp\htdocs\yiiblog\framework\web\CBaseController.php(126): require('C:\\xampp\\htdocs...')
#7 C:\xampp\htdocs\yiiblog\framework\web\CBaseController.php(95): CBaseController->renderInternal('C:\\xampp\\htdocs...', Array, true)
#8 C:\xampp\htdocs\yiiblog\framework\web\CController.php(872): CBaseController->renderFile('C:\\xampp\\htdocs...', Array, true)
#9 C:\xampp\htdocs\yiiblog\framework\web\CController.php(785): CController->renderPartial('create', Array, true)
#10 C:\xampp\htdocs\yiiblog\protected\controllers\PostController.php(76): CController->render('create', Array)
#11 C:\xampp\htdocs\yiiblog\framework\web\actions\CInlineAction.php(49): PostController->actionCreate()
#12 C:\xampp\htdocs\yiiblog\framework\web\CController.php(308): CInlineAction->runWithParams(Array)
#13 C:\xampp\htdocs\yiiblog\framework\web\filters\CFilterChain.php(134): CController->runAction(Object(CInlineAction))
#14 C:\xampp\htdocs\yiiblog\framework\web\filters\CFilter.php(40): CFilterChain->run()
#15 C:\xampp\htdocs\yiiblog\framework\web\CController.php(1148): CFilter->filter(Object(CFilterChain))
#16 C:\xampp\htdocs\yiiblog\framework\web\filters\CInlineFilter.php(58): CController->filterAccessControl(Object(CFilterChain))
#17 C:\xampp\htdocs\yiiblog\framework\web\filters\CFilterChain.php(131): CInlineFilter->filter(Object(CFilterChain))
#18 C:\xampp\htdocs\yiiblog\framework\web\CController.php(291): CFilterChain->run()
#19 C:\xampp\htdocs\yiiblog\framework\web\CController.php(265): CController->runActionWithFilters(Object(CInlineAction), Array)
#20 C:\xampp\htdocs\yiiblog\framework\web\CWebApplication.php(282): CController->run('create')
#21 C:\xampp\htdocs\yiiblog\framework\web\CWebApplication.php(141): CWebApplication->runController('post/create')
#22 C:\xampp\htdocs\yiiblog\framework\base\CApplication.php(185): CWebApplication->processRequest()
#23 C:\xampp\htdocs\yiiblog\index.php(13): CApplication->run()
#24 {main}
REQUEST_URI=/yiiblog/index.php/post/create
---
2018/06/11 14:29:19 [error] [exception.Error] Error: Access to undeclared static property: Lookup::$_items in C:\xampp\htdocs\yiiblog\protected\models\Lookup.php:111
Stack trace:
#0 C:\xampp\htdocs\yiiblog\protected\models\Lookup.php(98): Lookup::loadItems('PostStatus')
#1 C:\xampp\htdocs\yiiblog\protected\views\post\_form.php(65): Lookup::items('PostStatus')
#2 C:\xampp\htdocs\yiiblog\framework\web\CBaseController.php(126): require('C:\\xampp\\htdocs...')
#3 C:\xampp\htdocs\yiiblog\framework\web\CBaseController.php(95): CBaseController->renderInternal('C:\\xampp\\htdocs...', Array, true)
#4 C:\xampp\htdocs\yiiblog\framework\web\CController.php(872): CBaseController->renderFile('C:\\xampp\\htdocs...', Array, true)
#5 C:\xampp\htdocs\yiiblog\protected\views\post\create.php(18): CController->renderPartial('_form', Array)
#6 C:\xampp\htdocs\yiiblog\framework\web\CBaseController.php(126): require('C:\\xampp\\htdocs...')
#7 C:\xampp\htdocs\yiiblog\framework\web\CBaseController.php(95): CBaseController->renderInternal('C:\\xampp\\htdocs...', Array, true)
#8 C:\xampp\htdocs\yiiblog\framework\web\CController.php(872): CBaseController->renderFile('C:\\xampp\\htdocs...', Array, true)
#9 C:\xampp\htdocs\yiiblog\framework\web\CController.php(785): CController->renderPartial('create', Array, true)
#10 C:\xampp\htdocs\yiiblog\protected\controllers\PostController.php(76): CController->render('create', Array)
#11 C:\xampp\htdocs\yiiblog\framework\web\actions\CInlineAction.php(49): PostController->actionCreate()
#12 C:\xampp\htdocs\yiiblog\framework\web\CController.php(308): CInlineAction->runWithParams(Array)
#13 C:\xampp\htdocs\yiiblog\framework\web\filters\CFilterChain.php(134): CController->runAction(Object(CInlineAction))
#14 C:\xampp\htdocs\yiiblog\framework\web\filters\CFilter.php(40): CFilterChain->run()
#15 C:\xampp\htdocs\yiiblog\framework\web\CController.php(1148): CFilter->filter(Object(CFilterChain))
#16 C:\xampp\htdocs\yiiblog\framework\web\filters\CInlineFilter.php(58): CController->filterAccessControl(Object(CFilterChain))
#17 C:\xampp\htdocs\yiiblog\framework\web\filters\CFilterChain.php(131): CInlineFilter->filter(Object(CFilterChain))
#18 C:\xampp\htdocs\yiiblog\framework\web\CController.php(291): CFilterChain->run()
#19 C:\xampp\htdocs\yiiblog\framework\web\CController.php(265): CController->runActionWithFilters(Object(CInlineAction), Array)
#20 C:\xampp\htdocs\yiiblog\framework\web\CWebApplication.php(282): CController->run('create')
#21 C:\xampp\htdocs\yiiblog\framework\web\CWebApplication.php(141): CWebApplication->runController('post/create')
#22 C:\xampp\htdocs\yiiblog\framework\base\CApplication.php(185): CWebApplication->processRequest()
#23 C:\xampp\htdocs\yiiblog\index.php(13): CApplication->run()
#24 {main}
REQUEST_URI=/yiiblog/index.php/post/create
---
2018/06/12 08:00:43 [error] [exception.Error] Error: Access to undeclared static property: Lookup::$_items in C:\xampp\htdocs\yiiblog\protected\models\Lookup.php:111
Stack trace:
#0 C:\xampp\htdocs\yiiblog\protected\models\Lookup.php(98): Lookup::loadItems('PostStatus')
#1 C:\xampp\htdocs\yiiblog\protected\views\post\_form.php(65): Lookup::items('PostStatus')
#2 C:\xampp\htdocs\yiiblog\framework\web\CBaseController.php(126): require('C:\\xampp\\htdocs...')
#3 C:\xampp\htdocs\yiiblog\framework\web\CBaseController.php(95): CBaseController->renderInternal('C:\\xampp\\htdocs...', Array, true)
#4 C:\xampp\htdocs\yiiblog\framework\web\CController.php(872): CBaseController->renderFile('C:\\xampp\\htdocs...', Array, true)
#5 C:\xampp\htdocs\yiiblog\protected\views\post\update.php(21): CController->renderPartial('_form', Array)
#6 C:\xampp\htdocs\yiiblog\framework\web\CBaseController.php(126): require('C:\\xampp\\htdocs...')
#7 C:\xampp\htdocs\yiiblog\framework\web\CBaseController.php(95): CBaseController->renderInternal('C:\\xampp\\htdocs...', Array, true)
#8 C:\xampp\htdocs\yiiblog\framework\web\CController.php(872): CBaseController->renderFile('C:\\xampp\\htdocs...', Array, true)
#9 C:\xampp\htdocs\yiiblog\framework\web\CController.php(785): CController->renderPartial('update', Array, true)
#10 C:\xampp\htdocs\yiiblog\protected\controllers\PostController.php(100): CController->render('update', Array)
#11 [internal function]: PostController->actionUpdate('1')
#12 C:\xampp\htdocs\yiiblog\framework\web\actions\CAction.php(109): ReflectionMethod->invokeArgs(Object(PostController), Array)
#13 C:\xampp\htdocs\yiiblog\framework\web\actions\CInlineAction.php(47): CAction->runWithParamsInternal(Object(PostController), Object(ReflectionMethod), Array)
#14 C:\xampp\htdocs\yiiblog\framework\web\CController.php(308): CInlineAction->runWithParams(Array)
#15 C:\xampp\htdocs\yiiblog\framework\web\filters\CFilterChain.php(134): CController->runAction(Object(CInlineAction))
#16 C:\xampp\htdocs\yiiblog\framework\web\filters\CFilter.php(40): CFilterChain->run()
#17 C:\xampp\htdocs\yiiblog\framework\web\CController.php(1148): CFilter->filter(Object(CFilterChain))
#18 C:\xampp\htdocs\yiiblog\framework\web\filters\CInlineFilter.php(58): CController->filterAccessControl(Object(CFilterChain))
#19 C:\xampp\htdocs\yiiblog\framework\web\filters\CFilterChain.php(131): CInlineFilter->filter(Object(CFilterChain))
#20 C:\xampp\htdocs\yiiblog\framework\web\CController.php(291): CFilterChain->run()
#21 C:\xampp\htdocs\yiiblog\framework\web\CController.php(265): CController->runActionWithFilters(Object(CInlineAction), Array)
#22 C:\xampp\htdocs\yiiblog\framework\web\CWebApplication.php(282): CController->run('update')
#23 C:\xampp\htdocs\yiiblog\framework\web\CWebApplication.php(141): CWebApplication->runController('post/update')
#24 C:\xampp\htdocs\yiiblog\framework\base\CApplication.php(185): CWebApplication->processRequest()
#25 C:\xampp\htdocs\yiiblog\index.php(13): CApplication->run()
#26 {main}
REQUEST_URI=/yiiblog/index.php/post/update/1
HTTP_REFERER=http://localhost/yiiblog/index.php/post/1
---
2018/06/12 08:00:47 [error] [exception.Error] Error: Access to undeclared static property: Lookup::$_items in C:\xampp\htdocs\yiiblog\protected\models\Lookup.php:111
Stack trace:
#0 C:\xampp\htdocs\yiiblog\protected\models\Lookup.php(98): Lookup::loadItems('PostStatus')
#1 C:\xampp\htdocs\yiiblog\protected\views\post\_form.php(65): Lookup::items('PostStatus')
#2 C:\xampp\htdocs\yiiblog\framework\web\CBaseController.php(126): require('C:\\xampp\\htdocs...')
#3 C:\xampp\htdocs\yiiblog\framework\web\CBaseController.php(95): CBaseController->renderInternal('C:\\xampp\\htdocs...', Array, true)
#4 C:\xampp\htdocs\yiiblog\framework\web\CController.php(872): CBaseController->renderFile('C:\\xampp\\htdocs...', Array, true)
#5 C:\xampp\htdocs\yiiblog\protected\views\post\create.php(18): CController->renderPartial('_form', Array)
#6 C:\xampp\htdocs\yiiblog\framework\web\CBaseController.php(126): require('C:\\xampp\\htdocs...')
#7 C:\xampp\htdocs\yiiblog\framework\web\CBaseController.php(95): CBaseController->renderInternal('C:\\xampp\\htdocs...', Array, true)
#8 C:\xampp\htdocs\yiiblog\framework\web\CController.php(872): CBaseController->renderFile('C:\\xampp\\htdocs...', Array, true)
#9 C:\xampp\htdocs\yiiblog\framework\web\CController.php(785): CController->renderPartial('create', Array, true)
#10 C:\xampp\htdocs\yiiblog\protected\controllers\PostController.php(76): CController->render('create', Array)
#11 C:\xampp\htdocs\yiiblog\framework\web\actions\CInlineAction.php(49): PostController->actionCreate()
#12 C:\xampp\htdocs\yiiblog\framework\web\CController.php(308): CInlineAction->runWithParams(Array)
#13 C:\xampp\htdocs\yiiblog\framework\web\filters\CFilterChain.php(134): CController->runAction(Object(CInlineAction))
#14 C:\xampp\htdocs\yiiblog\framework\web\filters\CFilter.php(40): CFilterChain->run()
#15 C:\xampp\htdocs\yiiblog\framework\web\CController.php(1148): CFilter->filter(Object(CFilterChain))
#16 C:\xampp\htdocs\yiiblog\framework\web\filters\CInlineFilter.php(58): CController->filterAccessControl(Object(CFilterChain))
#17 C:\xampp\htdocs\yiiblog\framework\web\filters\CFilterChain.php(131): CInlineFilter->filter(Object(CFilterChain))
#18 C:\xampp\htdocs\yiiblog\framework\web\CController.php(291): CFilterChain->run()
#19 C:\xampp\htdocs\yiiblog\framework\web\CController.php(265): CController->runActionWithFilters(Object(CInlineAction), Array)
#20 C:\xampp\htdocs\yiiblog\framework\web\CWebApplication.php(282): CController->run('create')
#21 C:\xampp\htdocs\yiiblog\framework\web\CWebApplication.php(141): CWebApplication->runController('post/create')
#22 C:\xampp\htdocs\yiiblog\framework\base\CApplication.php(185): CWebApplication->processRequest()
#23 C:\xampp\htdocs\yiiblog\index.php(13): CApplication->run()
#24 {main}
REQUEST_URI=/yiiblog/index.php/post/create
HTTP_REFERER=http://localhost/yiiblog/index.php/post/1
---
2018/06/12 08:12:23 [error] [exception.Error] Error: Access to undeclared static property: Lookup::$items in C:\xampp\htdocs\yiiblog\protected\models\Lookup.php:118
Stack trace:
#0 C:\xampp\htdocs\yiiblog\protected\models\Lookup.php(98): Lookup::loadItems('PostStatus')
#1 C:\xampp\htdocs\yiiblog\protected\views\post\_form.php(65): Lookup::items('PostStatus')
#2 C:\xampp\htdocs\yiiblog\framework\web\CBaseController.php(126): require('C:\\xampp\\htdocs...')
#3 C:\xampp\htdocs\yiiblog\framework\web\CBaseController.php(95): CBaseController->renderInternal('C:\\xampp\\htdocs...', Array, true)
#4 C:\xampp\htdocs\yiiblog\framework\web\CController.php(872): CBaseController->renderFile('C:\\xampp\\htdocs...', Array, true)
#5 C:\xampp\htdocs\yiiblog\protected\views\post\create.php(18): CController->renderPartial('_form', Array)
#6 C:\xampp\htdocs\yiiblog\framework\web\CBaseController.php(126): require('C:\\xampp\\htdocs...')
#7 C:\xampp\htdocs\yiiblog\framework\web\CBaseController.php(95): CBaseController->renderInternal('C:\\xampp\\htdocs...', Array, true)
#8 C:\xampp\htdocs\yiiblog\framework\web\CController.php(872): CBaseController->renderFile('C:\\xampp\\htdocs...', Array, true)
#9 C:\xampp\htdocs\yiiblog\framework\web\CController.php(785): CController->renderPartial('create', Array, true)
#10 C:\xampp\htdocs\yiiblog\protected\controllers\PostController.php(76): CController->render('create', Array)
#11 C:\xampp\htdocs\yiiblog\framework\web\actions\CInlineAction.php(49): PostController->actionCreate()
#12 C:\xampp\htdocs\yiiblog\framework\web\CController.php(308): CInlineAction->runWithParams(Array)
#13 C:\xampp\htdocs\yiiblog\framework\web\filters\CFilterChain.php(134): CController->runAction(Object(CInlineAction))
#14 C:\xampp\htdocs\yiiblog\framework\web\filters\CFilter.php(40): CFilterChain->run()
#15 C:\xampp\htdocs\yiiblog\framework\web\CController.php(1148): CFilter->filter(Object(CFilterChain))
#16 C:\xampp\htdocs\yiiblog\framework\web\filters\CInlineFilter.php(58): CController->filterAccessControl(Object(CFilterChain))
#17 C:\xampp\htdocs\yiiblog\framework\web\filters\CFilterChain.php(131): CInlineFilter->filter(Object(CFilterChain))
#18 C:\xampp\htdocs\yiiblog\framework\web\CController.php(291): CFilterChain->run()
#19 C:\xampp\htdocs\yiiblog\framework\web\CController.php(265): CController->runActionWithFilters(Object(CInlineAction), Array)
#20 C:\xampp\htdocs\yiiblog\framework\web\CWebApplication.php(282): CController->run('create')
#21 C:\xampp\htdocs\yiiblog\framework\web\CWebApplication.php(141): CWebApplication->runController('post/create')
#22 C:\xampp\htdocs\yiiblog\framework\base\CApplication.php(185): CWebApplication->processRequest()
#23 C:\xampp\htdocs\yiiblog\index.php(13): CApplication->run()
#24 {main}
REQUEST_URI=/yiiblog/index.php/post/create
---
2018/06/12 08:15:04 [error] [php] Undefined offset: 1 (C:\xampp\htdocs\yiiblog\protected\models\Lookup.php:118)
Stack trace:
#0 C:\xampp\htdocs\yiiblog\framework\web\CBaseController.php(126): require()
#1 C:\xampp\htdocs\yiiblog\framework\web\CBaseController.php(95): PostController->renderInternal()
#2 C:\xampp\htdocs\yiiblog\framework\web\CController.php(872): PostController->renderFile()
#3 C:\xampp\htdocs\yiiblog\protected\views\post\create.php(18): PostController->renderPartial()
#4 C:\xampp\htdocs\yiiblog\framework\web\CBaseController.php(126): require()
#5 C:\xampp\htdocs\yiiblog\framework\web\CBaseController.php(95): PostController->renderInternal()
#6 C:\xampp\htdocs\yiiblog\framework\web\CController.php(872): PostController->renderFile()
#7 C:\xampp\htdocs\yiiblog\framework\web\CController.php(785): PostController->renderPartial()
#8 C:\xampp\htdocs\yiiblog\protected\controllers\PostController.php(76): PostController->render()
#9 C:\xampp\htdocs\yiiblog\framework\web\actions\CInlineAction.php(49): PostController->actionCreate()
#10 C:\xampp\htdocs\yiiblog\framework\web\CController.php(308): CInlineAction->runWithParams()
#11 C:\xampp\htdocs\yiiblog\framework\web\filters\CFilterChain.php(134): PostController->runAction()
#12 C:\xampp\htdocs\yiiblog\framework\web\filters\CFilter.php(40): CFilterChain->run()
#13 C:\xampp\htdocs\yiiblog\framework\web\CController.php(1148): CAccessControlFilter->filter()
#14 C:\xampp\htdocs\yiiblog\framework\web\filters\CInlineFilter.php(58): PostController->filterAccessControl()
#15 C:\xampp\htdocs\yiiblog\framework\web\filters\CFilterChain.php(131): CInlineFilter->filter()
#16 C:\xampp\htdocs\yiiblog\framework\web\CController.php(291): CFilterChain->run()
#17 C:\xampp\htdocs\yiiblog\framework\web\CController.php(265): PostController->runActionWithFilters()
#18 C:\xampp\htdocs\yiiblog\framework\web\CWebApplication.php(282): PostController->run()
#19 C:\xampp\htdocs\yiiblog\framework\web\CWebApplication.php(141): CWebApplication->runController()
#20 C:\xampp\htdocs\yiiblog\framework\base\CApplication.php(185): CWebApplication->processRequest()
#21 C:\xampp\htdocs\yiiblog\index.php(13): CWebApplication->run()
REQUEST_URI=/yiiblog/index.php/post/create
in C:\xampp\htdocs\yiiblog\protected\models\Lookup.php (118)
in C:\xampp\htdocs\yiiblog\protected\models\Lookup.php (98)
in C:\xampp\htdocs\yiiblog\protected\views\post\_form.php (65)
2018/06/12 08:15:23 [error] [php] Undefined offset: 1 (C:\xampp\htdocs\yiiblog\protected\models\Lookup.php:118)
Stack trace:
#0 C:\xampp\htdocs\yiiblog\framework\web\CBaseController.php(126): require()
#1 C:\xampp\htdocs\yiiblog\framework\web\CBaseController.php(95): PostController->renderInternal()
#2 C:\xampp\htdocs\yiiblog\framework\web\CController.php(872): PostController->renderFile()
#3 C:\xampp\htdocs\yiiblog\protected\views\post\update.php(21): PostController->renderPartial()
#4 C:\xampp\htdocs\yiiblog\framework\web\CBaseController.php(126): require()
#5 C:\xampp\htdocs\yiiblog\framework\web\CBaseController.php(95): PostController->renderInternal()
#6 C:\xampp\htdocs\yiiblog\framework\web\CController.php(872): PostController->renderFile()
#7 C:\xampp\htdocs\yiiblog\framework\web\CController.php(785): PostController->renderPartial()
#8 C:\xampp\htdocs\yiiblog\protected\controllers\PostController.php(100): PostController->render()
#9 unknown(0): PostController->actionUpdate()
#10 C:\xampp\htdocs\yiiblog\framework\web\actions\CAction.php(109): ReflectionMethod->invokeArgs()
#11 C:\xampp\htdocs\yiiblog\framework\web\actions\CInlineAction.php(47): CInlineAction->runWithParamsInternal()
#12 C:\xampp\htdocs\yiiblog\framework\web\CController.php(308): CInlineAction->runWithParams()
#13 C:\xampp\htdocs\yiiblog\framework\web\filters\CFilterChain.php(134): PostController->runAction()
#14 C:\xampp\htdocs\yiiblog\framework\web\filters\CFilter.php(40): CFilterChain->run()
#15 C:\xampp\htdocs\yiiblog\framework\web\CController.php(1148): CAccessControlFilter->filter()
#16 C:\xampp\htdocs\yiiblog\framework\web\filters\CInlineFilter.php(58): PostController->filterAccessControl()
#17 C:\xampp\htdocs\yiiblog\framework\web\filters\CFilterChain.php(131): CInlineFilter->filter()
#18 C:\xampp\htdocs\yiiblog\framework\web\CController.php(291): CFilterChain->run()
#19 C:\xampp\htdocs\yiiblog\framework\web\CController.php(265): PostController->runActionWithFilters()
#20 C:\xampp\htdocs\yiiblog\framework\web\CWebApplication.php(282): PostController->run()
#21 C:\xampp\htdocs\yiiblog\framework\web\CWebApplication.php(141): CWebApplication->runController()
#22 C:\xampp\htdocs\yiiblog\framework\base\CApplication.php(185): CWebApplication->processRequest()
#23 C:\xampp\htdocs\yiiblog\index.php(13): CWebApplication->run()
REQUEST_URI=/yiiblog/index.php/post/update/1
in C:\xampp\htdocs\yiiblog\protected\models\Lookup.php (118)
in C:\xampp\htdocs\yiiblog\protected\models\Lookup.php (98)
in C:\xampp\htdocs\yiiblog\protected\views\post\_form.php (65)
2018/06/12 08:16:55 [error] [exception.CException] CException: Tag and its behaviors do not have a method or closure named "updateFrequency". in C:\xampp\htdocs\yiiblog\framework\base\CComponent.php:266
Stack trace:
#0 C:\xampp\htdocs\yiiblog\framework\db\ar\CActiveRecord.php(229): CComponent->__call('updateFrequency', Array)
#1 C:\xampp\htdocs\yiiblog\protected\models\Post.php(159): CActiveRecord->__call('updateFrequency', Array)
#2 C:\xampp\htdocs\yiiblog\framework\db\ar\CActiveRecord.php(1132): Post->afterSave()
#3 C:\xampp\htdocs\yiiblog\framework\db\ar\CActiveRecord.php(811): CActiveRecord->update(NULL)
#4 C:\xampp\htdocs\yiiblog\protected\controllers\PostController.php(95): CActiveRecord->save()
#5 [internal function]: PostController->actionUpdate('1')
#6 C:\xampp\htdocs\yiiblog\framework\web\actions\CAction.php(109): ReflectionMethod->invokeArgs(Object(PostController), Array)
#7 C:\xampp\htdocs\yiiblog\framework\web\actions\CInlineAction.php(47): CAction->runWithParamsInternal(Object(PostController), Object(ReflectionMethod), Array)
#8 C:\xampp\htdocs\yiiblog\framework\web\CController.php(308): CInlineAction->runWithParams(Array)
#9 C:\xampp\htdocs\yiiblog\framework\web\filters\CFilterChain.php(134): CController->runAction(Object(CInlineAction))
#10 C:\xampp\htdocs\yiiblog\framework\web\filters\CFilter.php(40): CFilterChain->run()
#11 C:\xampp\htdocs\yiiblog\framework\web\CController.php(1148): CFilter->filter(Object(CFilterChain))
#12 C:\xampp\htdocs\yiiblog\framework\web\filters\CInlineFilter.php(58): CController->filterAccessControl(Object(CFilterChain))
#13 C:\xampp\htdocs\yiiblog\framework\web\filters\CFilterChain.php(131): CInlineFilter->filter(Object(CFilterChain))
#14 C:\xampp\htdocs\yiiblog\framework\web\CController.php(291): CFilterChain->run()
#15 C:\xampp\htdocs\yiiblog\framework\web\CController.php(265): CController->runActionWithFilters(Object(CInlineAction), Array)
#16 C:\xampp\htdocs\yiiblog\framework\web\CWebApplication.php(282): CController->run('update')
#17 C:\xampp\htdocs\yiiblog\framework\web\CWebApplication.php(141): CWebApplication->runController('post/update')
#18 C:\xampp\htdocs\yiiblog\framework\base\CApplication.php(185): CWebApplication->processRequest()
#19 C:\xampp\htdocs\yiiblog\index.php(13): CApplication->run()
#20 {main}
REQUEST_URI=/yiiblog/index.php/post/update/1
HTTP_REFERER=http://localhost/yiiblog/index.php/post/update/1
---
2018/06/12 08:41:30 [error] [exception.CException] CException: Tag and its behaviors do not have a method or closure named "updateFrequency". in C:\xampp\htdocs\yiiblog\framework\base\CComponent.php:266
Stack trace:
#0 C:\xampp\htdocs\yiiblog\framework\db\ar\CActiveRecord.php(229): CComponent->__call('updateFrequency', Array)
#1 C:\xampp\htdocs\yiiblog\protected\models\Post.php(159): CActiveRecord->__call('updateFrequency', Array)
#2 C:\xampp\htdocs\yiiblog\framework\db\ar\CActiveRecord.php(1132): Post->afterSave()
#3 C:\xampp\htdocs\yiiblog\framework\db\ar\CActiveRecord.php(811): CActiveRecord->update(NULL)
#4 C:\xampp\htdocs\yiiblog\protected\controllers\PostController.php(95): CActiveRecord->save()
#5 [internal function]: PostController->actionUpdate('1')
#6 C:\xampp\htdocs\yiiblog\framework\web\actions\CAction.php(109): ReflectionMethod->invokeArgs(Object(PostController), Array)
#7 C:\xampp\htdocs\yiiblog\framework\web\actions\CInlineAction.php(47): CAction->runWithParamsInternal(Object(PostController), Object(ReflectionMethod), Array)
#8 C:\xampp\htdocs\yiiblog\framework\web\CController.php(308): CInlineAction->runWithParams(Array)
#9 C:\xampp\htdocs\yiiblog\framework\web\filters\CFilterChain.php(134): CController->runAction(Object(CInlineAction))
#10 C:\xampp\htdocs\yiiblog\framework\web\filters\CFilter.php(40): CFilterChain->run()
#11 C:\xampp\htdocs\yiiblog\framework\web\CController.php(1148): CFilter->filter(Object(CFilterChain))
#12 C:\xampp\htdocs\yiiblog\framework\web\filters\CInlineFilter.php(58): CController->filterAccessControl(Object(CFilterChain))
#13 C:\xampp\htdocs\yiiblog\framework\web\filters\CFilterChain.php(131): CInlineFilter->filter(Object(CFilterChain))
#14 C:\xampp\htdocs\yiiblog\framework\web\CController.php(291): CFilterChain->run()
#15 C:\xampp\htdocs\yiiblog\framework\web\CController.php(265): CController->runActionWithFilters(Object(CInlineAction), Array)
#16 C:\xampp\htdocs\yiiblog\framework\web\CWebApplication.php(282): CController->run('update')
#17 C:\xampp\htdocs\yiiblog\framework\web\CWebApplication.php(141): CWebApplication->runController('post/update')
#18 C:\xampp\htdocs\yiiblog\framework\base\CApplication.php(185): CWebApplication->processRequest()
#19 C:\xampp\htdocs\yiiblog\index.php(13): CApplication->run()
#20 {main}
REQUEST_URI=/yiiblog/index.php/post/update/1
HTTP_REFERER=http://localhost/yiiblog/index.php/post/update/1
---
2018/06/12 09:38:25 [error] [php] Undefined index: tag (C:\xampp\htdocs\yiiblog\protected\controllers\PostController.php:122)
Stack trace:
#0 C:\xampp\htdocs\yiiblog\framework\web\filters\CFilterChain.php(134): PostController->runAction()
#1 C:\xampp\htdocs\yiiblog\framework\web\filters\CFilter.php(40): CFilterChain->run()
#2 C:\xampp\htdocs\yiiblog\framework\web\CController.php(1148): CAccessControlFilter->filter()
#3 C:\xampp\htdocs\yiiblog\framework\web\filters\CInlineFilter.php(58): PostController->filterAccessControl()
#4 C:\xampp\htdocs\yiiblog\framework\web\filters\CFilterChain.php(131): CInlineFilter->filter()
#5 C:\xampp\htdocs\yiiblog\framework\web\CController.php(291): CFilterChain->run()
#6 C:\xampp\htdocs\yiiblog\framework\web\CController.php(265): PostController->runActionWithFilters()
#7 C:\xampp\htdocs\yiiblog\framework\web\CWebApplication.php(282): PostController->run()
#8 C:\xampp\htdocs\yiiblog\framework\web\CWebApplication.php(141): CWebApplication->runController()
#9 C:\xampp\htdocs\yiiblog\framework\base\CApplication.php(185): CWebApplication->processRequest()
#10 C:\xampp\htdocs\yiiblog\index.php(13): CWebApplication->run()
REQUEST_URI=/yiiblog/index.php/post/index/tags=yii
in C:\xampp\htdocs\yiiblog\protected\controllers\PostController.php (122)
in C:\xampp\htdocs\yiiblog\index.php (13)
2018/06/12 09:38:53 [error] [php] Undefined index: tag (C:\xampp\htdocs\yiiblog\protected\controllers\PostController.php:122)
Stack trace:
#0 C:\xampp\htdocs\yiiblog\framework\web\filters\CFilterChain.php(134): PostController->runAction()
#1 C:\xampp\htdocs\yiiblog\framework\web\filters\CFilter.php(40): CFilterChain->run()
#2 C:\xampp\htdocs\yiiblog\framework\web\CController.php(1148): CAccessControlFilter->filter()
#3 C:\xampp\htdocs\yiiblog\framework\web\filters\CInlineFilter.php(58): PostController->filterAccessControl()
#4 C:\xampp\htdocs\yiiblog\framework\web\filters\CFilterChain.php(131): CInlineFilter->filter()
#5 C:\xampp\htdocs\yiiblog\framework\web\CController.php(291): CFilterChain->run()
#6 C:\xampp\htdocs\yiiblog\framework\web\CController.php(265): PostController->runActionWithFilters()
#7 C:\xampp\htdocs\yiiblog\framework\web\CWebApplication.php(282): PostController->run()
#8 C:\xampp\htdocs\yiiblog\framework\web\CWebApplication.php(141): CWebApplication->runController()
#9 C:\xampp\htdocs\yiiblog\framework\base\CApplication.php(185): CWebApplication->processRequest()
#10 C:\xampp\htdocs\yiiblog\index.php(13): CWebApplication->run()
REQUEST_URI=/yiiblog/index.php/post/index/tag=yii
in C:\xampp\htdocs\yiiblog\protected\controllers\PostController.php (122)
in C:\xampp\htdocs\yiiblog\index.php (13)
2018/06/12 10:16:41 [error] [php] Undefined variable: data (C:\xampp\htdocs\yiiblog\protected\views\post\admin.php:54)
Stack trace:
#0 C:\xampp\htdocs\yiiblog\framework\web\CController.php(872): PostController->renderFile()
#1 C:\xampp\htdocs\yiiblog\framework\web\CController.php(785): PostController->renderPartial()
#2 C:\xampp\htdocs\yiiblog\protected\controllers\PostController.php(152): PostController->render()
#3 C:\xampp\htdocs\yiiblog\framework\web\actions\CInlineAction.php(49): PostController->actionAdmin()
#4 C:\xampp\htdocs\yiiblog\framework\web\CController.php(308): CInlineAction->runWithParams()
#5 C:\xampp\htdocs\yiiblog\framework\web\filters\CFilterChain.php(134): PostController->runAction()
#6 C:\xampp\htdocs\yiiblog\framework\web\filters\CFilter.php(40): CFilterChain->run()
#7 C:\xampp\htdocs\yiiblog\framework\web\CController.php(1148): CAccessControlFilter->filter()
#8 C:\xampp\htdocs\yiiblog\framework\web\filters\CInlineFilter.php(58): PostController->filterAccessControl()
#9 C:\xampp\htdocs\yiiblog\framework\web\filters\CFilterChain.php(131): CInlineFilter->filter()
#10 C:\xampp\htdocs\yiiblog\framework\web\CController.php(291): CFilterChain->run()
#11 C:\xampp\htdocs\yiiblog\framework\web\CController.php(265): PostController->runActionWithFilters()
#12 C:\xampp\htdocs\yiiblog\framework\web\CWebApplication.php(282): PostController->run()
#13 C:\xampp\htdocs\yiiblog\framework\web\CWebApplication.php(141): CWebApplication->runController()
#14 C:\xampp\htdocs\yiiblog\framework\base\CApplication.php(185): CWebApplication->processRequest()
#15 C:\xampp\htdocs\yiiblog\index.php(13): CWebApplication->run()
REQUEST_URI=/yiiblog/index.php/post/admin
in C:\xampp\htdocs\yiiblog\protected\views\post\admin.php (54)
in C:\xampp\htdocs\yiiblog\protected\controllers\PostController.php (152)
in C:\xampp\htdocs\yiiblog\index.php (13)
2018/06/12 10:19:48 [error] [exception.ArgumentCountError] ArgumentCountError: Too few arguments to function Lookup::item(), 1 passed in C:\xampp\htdocs\yiiblog\protected\views\post\admin.php on line 54 and exactly 2 expected in C:\xampp\htdocs\yiiblog\protected\models\Lookup.php:103
Stack trace:
#0 C:\xampp\htdocs\yiiblog\protected\views\post\admin.php(54): Lookup::item('PostStatus')
#1 C:\xampp\htdocs\yiiblog\framework\web\CBaseController.php(126): require('C:\\xampp\\htdocs...')
#2 C:\xampp\htdocs\yiiblog\framework\web\CBaseController.php(95): CBaseController->renderInternal('C:\\xampp\\htdocs...', Array, true)
#3 C:\xampp\htdocs\yiiblog\framework\web\CController.php(872): CBaseController->renderFile('C:\\xampp\\htdocs...', Array, true)
#4 C:\xampp\htdocs\yiiblog\framework\web\CController.php(785): CController->renderPartial('admin', Array, true)
#5 C:\xampp\htdocs\yiiblog\protected\controllers\PostController.php(152): CController->render('admin', Array)
#6 C:\xampp\htdocs\yiiblog\framework\web\actions\CInlineAction.php(49): PostController->actionAdmin()
#7 C:\xampp\htdocs\yiiblog\framework\web\CController.php(308): CInlineAction->runWithParams(Array)
#8 C:\xampp\htdocs\yiiblog\framework\web\filters\CFilterChain.php(134): CController->runAction(Object(CInlineAction))
#9 C:\xampp\htdocs\yiiblog\framework\web\filters\CFilter.php(40): CFilterChain->run()
#10 C:\xampp\htdocs\yiiblog\framework\web\CController.php(1148): CFilter->filter(Object(CFilterChain))
#11 C:\xampp\htdocs\yiiblog\framework\web\filters\CInlineFilter.php(58): CController->filterAccessControl(Object(CFilterChain))
#12 C:\xampp\htdocs\yiiblog\framework\web\filters\CFilterChain.php(131): CInlineFilter->filter(Object(CFilterChain))
#13 C:\xampp\htdocs\yiiblog\framework\web\CController.php(291): CFilterChain->run()
#14 C:\xampp\htdocs\yiiblog\framework\web\CController.php(265): CController->runActionWithFilters(Object(CInlineAction), Array)
#15 C:\xampp\htdocs\yiiblog\framework\web\CWebApplication.php(282): CController->run('admin')
#16 C:\xampp\htdocs\yiiblog\framework\web\CWebApplication.php(141): CWebApplication->runController('post/admin')
#17 C:\xampp\htdocs\yiiblog\framework\base\CApplication.php(185): CWebApplication->processRequest()
#18 C:\xampp\htdocs\yiiblog\index.php(13): CApplication->run()
#19 {main}
REQUEST_URI=/yiiblog/index.php/post/admin
---
2018/06/12 11:35:56 [error] [system.db.CDbCommand] CDbCommand::execute() failed: SQLSTATE[42S22]: Column not found: 1054 Unknown column 'post_id3' in 'where clause'. The SQL statement executed was: DELETE FROM `tbl_comment` WHERE post_id3.
in C:\xampp\htdocs\yiiblog\protected\models\Post.php (171)
in C:\xampp\htdocs\yiiblog\protected\controllers\PostController.php (112)
in C:\xampp\htdocs\yiiblog\index.php (13)
2018/06/12 11:35:56 [error] [exception.CDbException] CDbException: CDbCommand failed to execute the SQL statement: SQLSTATE[42S22]: Column not found: 1054 Unknown column 'post_id3' in 'where clause'. The SQL statement executed was: DELETE FROM `tbl_comment` WHERE post_id3 in C:\xampp\htdocs\yiiblog\framework\db\CDbCommand.php:358
Stack trace:
#0 C:\xampp\htdocs\yiiblog\framework\db\ar\CActiveRecord.php(1826): CDbCommand->execute()
#1 C:\xampp\htdocs\yiiblog\protected\models\Post.php(171): CActiveRecord->deleteAll('post_id3')
#2 C:\xampp\htdocs\yiiblog\framework\db\ar\CActiveRecord.php(1231): Post->afterDelete()
#3 C:\xampp\htdocs\yiiblog\protected\controllers\PostController.php(112): CActiveRecord->delete()
#4 [internal function]: PostController->actionDelete('3')
#5 C:\xampp\htdocs\yiiblog\framework\web\actions\CAction.php(109): ReflectionMethod->invokeArgs(Object(PostController), Array)
#6 C:\xampp\htdocs\yiiblog\framework\web\actions\CInlineAction.php(47): CAction->runWithParamsInternal(Object(PostController), Object(ReflectionMethod), Array)
#7 C:\xampp\htdocs\yiiblog\framework\web\CController.php(308): CInlineAction->runWithParams(Array)
#8 C:\xampp\htdocs\yiiblog\framework\web\filters\CFilterChain.php(134): CController->runAction(Object(CInlineAction))
#9 C:\xampp\htdocs\yiiblog\framework\web\CController.php(1119): CFilterChain->run()
#10 C:\xampp\htdocs\yiiblog\framework\web\filters\CInlineFilter.php(58): CController->filterPostOnly(Object(CFilterChain))
#11 C:\xampp\htdocs\yiiblog\framework\web\filters\CFilterChain.php(131): CInlineFilter->filter(Object(CFilterChain))
#12 C:\xampp\htdocs\yiiblog\framework\web\filters\CFilter.php(40): CFilterChain->run()
#13 C:\xampp\htdocs\yiiblog\framework\web\CController.php(1148): CFilter->filter(Object(CFilterChain))
#14 C:\xampp\htdocs\yiiblog\framework\web\filters\CInlineFilter.php(58): CController->filterAccessControl(Object(CFilterChain))
#15 C:\xampp\htdocs\yiiblog\framework\web\filters\CFilterChain.php(131): CInlineFilter->filter(Object(CFilterChain))
#16 C:\xampp\htdocs\yiiblog\framework\web\CController.php(291): CFilterChain->run()
#17 C:\xampp\htdocs\yiiblog\framework\web\CController.php(265): CController->runActionWithFilters(Object(CInlineAction), Array)
#18 C:\xampp\htdocs\yiiblog\framework\web\CWebApplication.php(282): CController->run('delete')
#19 C:\xampp\htdocs\yiiblog\framework\web\CWebApplication.php(141): CWebApplication->runController('post/delete')
#20 C:\xampp\htdocs\yiiblog\framework\base\CApplication.php(185): CWebApplication->processRequest()
#21 C:\xampp\htdocs\yiiblog\index.php(13): CApplication->run()
#22 {main}
REQUEST_URI=/yiiblog/index.php/post/delete/3?ajax=yw1
HTTP_REFERER=http://localhost/yiiblog/index.php/post/admin
---
2018/06/12 13:33:00 [error] [exception.CException] CException: Comment and its behaviors do not have a method or closure named "getUrl". in C:\xampp\htdocs\yiiblog\framework\base\CComponent.php:266
Stack trace:
#0 C:\xampp\htdocs\yiiblog\framework\db\ar\CActiveRecord.php(229): CComponent->__call('getUrl', Array)
#1 C:\xampp\htdocs\yiiblog\protected\views\post\_comments.php(4): CActiveRecord->__call('getUrl', Array)
#2 C:\xampp\htdocs\yiiblog\framework\web\CBaseController.php(126): require('C:\\xampp\\htdocs...')
#3 C:\xampp\htdocs\yiiblog\framework\web\CBaseController.php(95): CBaseController->renderInternal('C:\\xampp\\htdocs...', Array, true)
#4 C:\xampp\htdocs\yiiblog\framework\web\CController.php(872): CBaseController->renderFile('C:\\xampp\\htdocs...', Array, true)
#5 C:\xampp\htdocs\yiiblog\protected\views\post\view.php(41): CController->renderPartial('_comments', Array)
#6 C:\xampp\htdocs\yiiblog\framework\web\CBaseController.php(126): require('C:\\xampp\\htdocs...')
#7 C:\xampp\htdocs\yiiblog\framework\web\CBaseController.php(95): CBaseController->renderInternal('C:\\xampp\\htdocs...', Array, true)
#8 C:\xampp\htdocs\yiiblog\framework\web\CController.php(872): CBaseController->renderFile('C:\\xampp\\htdocs...', Array, true)
#9 C:\xampp\htdocs\yiiblog\framework\web\CController.php(785): CController->renderPartial('view', Array, true)
#10 C:\xampp\htdocs\yiiblog\protected\controllers\PostController.php(53): CController->render('view', Array)
#11 [internal function]: PostController->actionView('2')
#12 C:\xampp\htdocs\yiiblog\framework\web\actions\CAction.php(109): ReflectionMethod->invokeArgs(Object(PostController), Array)
#13 C:\xampp\htdocs\yiiblog\framework\web\actions\CInlineAction.php(47): CAction->runWithParamsInternal(Object(PostController), Object(ReflectionMethod), Array)
#14 C:\xampp\htdocs\yiiblog\framework\web\CController.php(308): CInlineAction->runWithParams(Array)
#15 C:\xampp\htdocs\yiiblog\framework\web\filters\CFilterChain.php(134): CController->runAction(Object(CInlineAction))
#16 C:\xampp\htdocs\yiiblog\framework\web\filters\CFilter.php(40): CFilterChain->run()
#17 C:\xampp\htdocs\yiiblog\framework\web\CController.php(1148): CFilter->filter(Object(CFilterChain))
#18 C:\xampp\htdocs\yiiblog\framework\web\filters\CInlineFilter.php(58): CController->filterAccessControl(Object(CFilterChain))
#19 C:\xampp\htdocs\yiiblog\framework\web\filters\CFilterChain.php(131): CInlineFilter->filter(Object(CFilterChain))
#20 C:\xampp\htdocs\yiiblog\framework\web\CController.php(291): CFilterChain->run()
#21 C:\xampp\htdocs\yiiblog\framework\web\CController.php(265): CController->runActionWithFilters(Object(CInlineAction), Array)
#22 C:\xampp\htdocs\yiiblog\framework\web\CWebApplication.php(282): CController->run('view')
#23 C:\xampp\htdocs\yiiblog\framework\web\CWebApplication.php(141): CWebApplication->runController('post/view')
#24 C:\xampp\htdocs\yiiblog\framework\base\CApplication.php(185): CWebApplication->processRequest()
#25 C:\xampp\htdocs\yiiblog\index.php(13): CApplication->run()
#26 {main}
REQUEST_URI=/yiiblog/index.php/post/2
HTTP_REFERER=http://localhost/yiiblog/index.php/post/index
---
2018/06/12 13:33:17 [error] [exception.CException] CException: Comment and its behaviors do not have a method or closure named "getUrl". in C:\xampp\htdocs\yiiblog\framework\base\CComponent.php:266
Stack trace:
#0 C:\xampp\htdocs\yiiblog\framework\db\ar\CActiveRecord.php(229): CComponent->__call('getUrl', Array)
#1 C:\xampp\htdocs\yiiblog\protected\views\post\_comments.php(4): CActiveRecord->__call('getUrl', Array)
#2 C:\xampp\htdocs\yiiblog\framework\web\CBaseController.php(126): require('C:\\xampp\\htdocs...')
#3 C:\xampp\htdocs\yiiblog\framework\web\CBaseController.php(95): CBaseController->renderInternal('C:\\xampp\\htdocs...', Array, true)
#4 C:\xampp\htdocs\yiiblog\framework\web\CController.php(872): CBaseController->renderFile('C:\\xampp\\htdocs...', Array, true)
#5 C:\xampp\htdocs\yiiblog\protected\views\post\view.php(41): CController->renderPartial('_comments', Array)
#6 C:\xampp\htdocs\yiiblog\framework\web\CBaseController.php(126): require('C:\\xampp\\htdocs...')
#7 C:\xampp\htdocs\yiiblog\framework\web\CBaseController.php(95): CBaseController->renderInternal('C:\\xampp\\htdocs...', Array, true)
#8 C:\xampp\htdocs\yiiblog\framework\web\CController.php(872): CBaseController->renderFile('C:\\xampp\\htdocs...', Array, true)
#9 C:\xampp\htdocs\yiiblog\framework\web\CController.php(785): CController->renderPartial('view', Array, true)
#10 C:\xampp\htdocs\yiiblog\protected\controllers\PostController.php(53): CController->render('view', Array)
#11 [internal function]: PostController->actionView('2')
#12 C:\xampp\htdocs\yiiblog\framework\web\actions\CAction.php(109): ReflectionMethod->invokeArgs(Object(PostController), Array)
#13 C:\xampp\htdocs\yiiblog\framework\web\actions\CInlineAction.php(47): CAction->runWithParamsInternal(Object(PostController), Object(ReflectionMethod), Array)
#14 C:\xampp\htdocs\yiiblog\framework\web\CController.php(308): CInlineAction->runWithParams(Array)
#15 C:\xampp\htdocs\yiiblog\framework\web\filters\CFilterChain.php(134): CController->runAction(Object(CInlineAction))
#16 C:\xampp\htdocs\yiiblog\framework\web\filters\CFilter.php(40): CFilterChain->run()
#17 C:\xampp\htdocs\yiiblog\framework\web\CController.php(1148): CFilter->filter(Object(CFilterChain))
#18 C:\xampp\htdocs\yiiblog\framework\web\filters\CInlineFilter.php(58): CController->filterAccessControl(Object(CFilterChain))
#19 C:\xampp\htdocs\yiiblog\framework\web\filters\CFilterChain.php(131): CInlineFilter->filter(Object(CFilterChain))
#20 C:\xampp\htdocs\yiiblog\framework\web\CController.php(291): CFilterChain->run()
#21 C:\xampp\htdocs\yiiblog\framework\web\CController.php(265): CController->runActionWithFilters(Object(CInlineAction), Array)
#22 C:\xampp\htdocs\yiiblog\framework\web\CWebApplication.php(282): CController->run('view')
#23 C:\xampp\htdocs\yiiblog\framework\web\CWebApplication.php(141): CWebApplication->runController('post/view')
#24 C:\xampp\htdocs\yiiblog\framework\base\CApplication.php(185): CWebApplication->processRequest()
#25 C:\xampp\htdocs\yiiblog\index.php(13): CApplication->run()
#26 {main}
REQUEST_URI=/yiiblog/index.php/post/2
HTTP_REFERER=http://localhost/yiiblog/index.php/post/index
---
2018/06/12 13:42:14 [error] [exception.CException] CException: Comment and its behaviors do not have a method or closure named "getUrl". in C:\xampp\htdocs\yiiblog\framework\base\CComponent.php:266
Stack trace:
#0 C:\xampp\htdocs\yiiblog\framework\db\ar\CActiveRecord.php(229): CComponent->__call('getUrl', Array)
#1 C:\xampp\htdocs\yiiblog\protected\views\post\_comments.php(4): CActiveRecord->__call('getUrl', Array)
#2 C:\xampp\htdocs\yiiblog\framework\web\CBaseController.php(126): require('C:\\xampp\\htdocs...')
#3 C:\xampp\htdocs\yiiblog\framework\web\CBaseController.php(95): CBaseController->renderInternal('C:\\xampp\\htdocs...', Array, true)
#4 C:\xampp\htdocs\yiiblog\framework\web\CController.php(872): CBaseController->renderFile('C:\\xampp\\htdocs...', Array, true)
#5 C:\xampp\htdocs\yiiblog\protected\views\post\view.php(42): CController->renderPartial('_comments', Array)
#6 C:\xampp\htdocs\yiiblog\framework\web\CBaseController.php(126): require('C:\\xampp\\htdocs...')
#7 C:\xampp\htdocs\yiiblog\framework\web\CBaseController.php(95): CBaseController->renderInternal('C:\\xampp\\htdocs...', Array, true)
#8 C:\xampp\htdocs\yiiblog\framework\web\CController.php(872): CBaseController->renderFile('C:\\xampp\\htdocs...', Array, true)
#9 C:\xampp\htdocs\yiiblog\framework\web\CController.php(785): CController->renderPartial('view', Array, true)
#10 C:\xampp\htdocs\yiiblog\protected\controllers\PostController.php(53): CController->render('view', Array)
#11 [internal function]: PostController->actionView('2')
#12 C:\xampp\htdocs\yiiblog\framework\web\actions\CAction.php(109): ReflectionMethod->invokeArgs(Object(PostController), Array)
#13 C:\xampp\htdocs\yiiblog\framework\web\actions\CInlineAction.php(47): CAction->runWithParamsInternal(Object(PostController), Object(ReflectionMethod), Array)
#14 C:\xampp\htdocs\yiiblog\framework\web\CController.php(308): CInlineAction->runWithParams(Array)
#15 C:\xampp\htdocs\yiiblog\framework\web\filters\CFilterChain.php(134): CController->runAction(Object(CInlineAction))
#16 C:\xampp\htdocs\yiiblog\framework\web\filters\CFilter.php(40): CFilterChain->run()
#17 C:\xampp\htdocs\yiiblog\framework\web\CController.php(1148): CFilter->filter(Object(CFilterChain))
#18 C:\xampp\htdocs\yiiblog\framework\web\filters\CInlineFilter.php(58): CController->filterAccessControl(Object(CFilterChain))
#19 C:\xampp\htdocs\yiiblog\framework\web\filters\CFilterChain.php(131): CInlineFilter->filter(Object(CFilterChain))
#20 C:\xampp\htdocs\yiiblog\framework\web\CController.php(291): CFilterChain->run()
#21 C:\xampp\htdocs\yiiblog\framework\web\CController.php(265): CController->runActionWithFilters(Object(CInlineAction), Array)
#22 C:\xampp\htdocs\yiiblog\framework\web\CWebApplication.php(282): CController->run('view')
#23 C:\xampp\htdocs\yiiblog\framework\web\CWebApplication.php(141): CWebApplication->runController('post/view')
#24 C:\xampp\htdocs\yiiblog\framework\base\CApplication.php(185): CWebApplication->processRequest()
#25 C:\xampp\htdocs\yiiblog\index.php(13): CApplication->run()
#26 {main}
REQUEST_URI=/yiiblog/index.php/post/2
HTTP_REFERER=http://localhost/yiiblog/index.php/post/index
---
2018/06/12 13:42:15 [error] [exception.CException] CException: Comment and its behaviors do not have a method or closure named "getUrl". in C:\xampp\htdocs\yiiblog\framework\base\CComponent.php:266
Stack trace:
#0 C:\xampp\htdocs\yiiblog\framework\db\ar\CActiveRecord.php(229): CComponent->__call('getUrl', Array)
#1 C:\xampp\htdocs\yiiblog\protected\views\post\_comments.php(4): CActiveRecord->__call('getUrl', Array)
#2 C:\xampp\htdocs\yiiblog\framework\web\CBaseController.php(126): require('C:\\xampp\\htdocs...')
#3 C:\xampp\htdocs\yiiblog\framework\web\CBaseController.php(95): CBaseController->renderInternal('C:\\xampp\\htdocs...', Array, true)
#4 C:\xampp\htdocs\yiiblog\framework\web\CController.php(872): CBaseController->renderFile('C:\\xampp\\htdocs...', Array, true)
#5 C:\xampp\htdocs\yiiblog\protected\views\post\view.php(42): CController->renderPartial('_comments', Array)
#6 C:\xampp\htdocs\yiiblog\framework\web\CBaseController.php(126): require('C:\\xampp\\htdocs...')
#7 C:\xampp\htdocs\yiiblog\framework\web\CBaseController.php(95): CBaseController->renderInternal('C:\\xampp\\htdocs...', Array, true)
#8 C:\xampp\htdocs\yiiblog\framework\web\CController.php(872): CBaseController->renderFile('C:\\xampp\\htdocs...', Array, true)
#9 C:\xampp\htdocs\yiiblog\framework\web\CController.php(785): CController->renderPartial('view', Array, true)
#10 C:\xampp\htdocs\yiiblog\protected\controllers\PostController.php(53): CController->render('view', Array)
#11 [internal function]: PostController->actionView('2')
#12 C:\xampp\htdocs\yiiblog\framework\web\actions\CAction.php(109): ReflectionMethod->invokeArgs(Object(PostController), Array)
#13 C:\xampp\htdocs\yiiblog\framework\web\actions\CInlineAction.php(47): CAction->runWithParamsInternal(Object(PostController), Object(ReflectionMethod), Array)
#14 C:\xampp\htdocs\yiiblog\framework\web\CController.php(308): CInlineAction->runWithParams(Array)
#15 C:\xampp\htdocs\yiiblog\framework\web\filters\CFilterChain.php(134): CController->runAction(Object(CInlineAction))
#16 C:\xampp\htdocs\yiiblog\framework\web\filters\CFilter.php(40): CFilterChain->run()
#17 C:\xampp\htdocs\yiiblog\framework\web\CController.php(1148): CFilter->filter(Object(CFilterChain))
#18 C:\xampp\htdocs\yiiblog\framework\web\filters\CInlineFilter.php(58): CController->filterAccessControl(Object(CFilterChain))
#19 C:\xampp\htdocs\yiiblog\framework\web\filters\CFilterChain.php(131): CInlineFilter->filter(Object(CFilterChain))
#20 C:\xampp\htdocs\yiiblog\framework\web\CController.php(291): CFilterChain->run()
#21 C:\xampp\htdocs\yiiblog\framework\web\CController.php(265): CController->runActionWithFilters(Object(CInlineAction), Array)
#22 C:\xampp\htdocs\yiiblog\framework\web\CWebApplication.php(282): CController->run('view')
#23 C:\xampp\htdocs\yiiblog\framework\web\CWebApplication.php(141): CWebApplication->runController('post/view')
#24 C:\xampp\htdocs\yiiblog\framework\base\CApplication.php(185): CWebApplication->processRequest()
#25 C:\xampp\htdocs\yiiblog\index.php(13): CApplication->run()
#26 {main}
REQUEST_URI=/yiiblog/index.php/post/2
HTTP_REFERER=http://localhost/yiiblog/index.php/post/index
---
2018/06/12 13:42:21 [error] [exception.CException] CException: Comment and its behaviors do not have a method or closure named "getUrl". in C:\xampp\htdocs\yiiblog\framework\base\CComponent.php:266
Stack trace:
#0 C:\xampp\htdocs\yiiblog\framework\db\ar\CActiveRecord.php(229): CComponent->__call('getUrl', Array)
#1 C:\xampp\htdocs\yiiblog\protected\views\post\_comments.php(4): CActiveRecord->__call('getUrl', Array)
#2 C:\xampp\htdocs\yiiblog\framework\web\CBaseController.php(126): require('C:\\xampp\\htdocs...')
#3 C:\xampp\htdocs\yiiblog\framework\web\CBaseController.php(95): CBaseController->renderInternal('C:\\xampp\\htdocs...', Array, true)
#4 C:\xampp\htdocs\yiiblog\framework\web\CController.php(872): CBaseController->renderFile('C:\\xampp\\htdocs...', Array, true)
#5 C:\xampp\htdocs\yiiblog\protected\views\post\view.php(42): CController->renderPartial('_comments', Array)
#6 C:\xampp\htdocs\yiiblog\framework\web\CBaseController.php(126): require('C:\\xampp\\htdocs...')
#7 C:\xampp\htdocs\yiiblog\framework\web\CBaseController.php(95): CBaseController->renderInternal('C:\\xampp\\htdocs...', Array, true)
#8 C:\xampp\htdocs\yiiblog\framework\web\CController.php(872): CBaseController->renderFile('C:\\xampp\\htdocs...', Array, true)
#9 C:\xampp\htdocs\yiiblog\framework\web\CController.php(785): CController->renderPartial('view', Array, true)
#10 C:\xampp\htdocs\yiiblog\protected\controllers\PostController.php(53): CController->render('view', Array)
#11 [internal function]: PostController->actionView('2')
#12 C:\xampp\htdocs\yiiblog\framework\web\actions\CAction.php(109): ReflectionMethod->invokeArgs(Object(PostController), Array)
#13 C:\xampp\htdocs\yiiblog\framework\web\actions\CInlineAction.php(47): CAction->runWithParamsInternal(Object(PostController), Object(ReflectionMethod), Array)
#14 C:\xampp\htdocs\yiiblog\framework\web\CController.php(308): CInlineAction->runWithParams(Array)
#15 C:\xampp\htdocs\yiiblog\framework\web\filters\CFilterChain.php(134): CController->runAction(Object(CInlineAction))
#16 C:\xampp\htdocs\yiiblog\framework\web\filters\CFilter.php(40): CFilterChain->run()
#17 C:\xampp\htdocs\yiiblog\framework\web\CController.php(1148): CFilter->filter(Object(CFilterChain))
#18 C:\xampp\htdocs\yiiblog\framework\web\filters\CInlineFilter.php(58): CController->filterAccessControl(Object(CFilterChain))
#19 C:\xampp\htdocs\yiiblog\framework\web\filters\CFilterChain.php(131): CInlineFilter->filter(Object(CFilterChain))
#20 C:\xampp\htdocs\yiiblog\framework\web\CController.php(291): CFilterChain->run()
#21 C:\xampp\htdocs\yiiblog\framework\web\CController.php(265): CController->runActionWithFilters(Object(CInlineAction), Array)
#22 C:\xampp\htdocs\yiiblog\framework\web\CWebApplication.php(282): CController->run('view')
#23 C:\xampp\htdocs\yiiblog\framework\web\CWebApplication.php(141): CWebApplication->runController('post/view')
#24 C:\xampp\htdocs\yiiblog\framework\base\CApplication.php(185): CWebApplication->processRequest()
#25 C:\xampp\htdocs\yiiblog\index.php(13): CApplication->run()
#26 {main}
REQUEST_URI=/yiiblog/index.php/post/2
HTTP_REFERER=http://localhost/yiiblog/index.php/post/index
---
2018/06/12 13:46:07 [error] [exception.CException] CException: Property "Comment.authorLink" is not defined. in C:\xampp\htdocs\yiiblog\framework\base\CComponent.php:130
Stack trace:
#0 C:\xampp\htdocs\yiiblog\framework\db\ar\CActiveRecord.php(145): CComponent->__get('authorLink')
#1 C:\xampp\htdocs\yiiblog\protected\views\post\_comments.php(10): CActiveRecord->__get('authorLink')
#2 C:\xampp\htdocs\yiiblog\framework\web\CBaseController.php(126): require('C:\\xampp\\htdocs...')
#3 C:\xampp\htdocs\yiiblog\framework\web\CBaseController.php(95): CBaseController->renderInternal('C:\\xampp\\htdocs...', Array, true)
#4 C:\xampp\htdocs\yiiblog\framework\web\CController.php(872): CBaseController->renderFile('C:\\xampp\\htdocs...', Array, true)
#5 C:\xampp\htdocs\yiiblog\protected\views\post\view.php(42): CController->renderPartial('_comments', Array)
#6 C:\xampp\htdocs\yiiblog\framework\web\CBaseController.php(126): require('C:\\xampp\\htdocs...')
#7 C:\xampp\htdocs\yiiblog\framework\web\CBaseController.php(95): CBaseController->renderInternal('C:\\xampp\\htdocs...', Array, true)
#8 C:\xampp\htdocs\yiiblog\framework\web\CController.php(872): CBaseController->renderFile('C:\\xampp\\htdocs...', Array, true)
#9 C:\xampp\htdocs\yiiblog\framework\web\CController.php(785): CController->renderPartial('view', Array, true)
#10 C:\xampp\htdocs\yiiblog\protected\controllers\PostController.php(53): CController->render('view', Array)
#11 [internal function]: PostController->actionView('2')
#12 C:\xampp\htdocs\yiiblog\framework\web\actions\CAction.php(109): ReflectionMethod->invokeArgs(Object(PostController), Array)
#13 C:\xampp\htdocs\yiiblog\framework\web\actions\CInlineAction.php(47): CAction->runWithParamsInternal(Object(PostController), Object(ReflectionMethod), Array)
#14 C:\xampp\htdocs\yiiblog\framework\web\CController.php(308): CInlineAction->runWithParams(Array)
#15 C:\xampp\htdocs\yiiblog\framework\web\filters\CFilterChain.php(134): CController->runAction(Object(CInlineAction))
#16 C:\xampp\htdocs\yiiblog\framework\web\filters\CFilter.php(40): CFilterChain->run()
#17 C:\xampp\htdocs\yiiblog\framework\web\CController.php(1148): CFilter->filter(Object(CFilterChain))
#18 C:\xampp\htdocs\yiiblog\framework\web\filters\CInlineFilter.php(58): CController->filterAccessControl(Object(CFilterChain))
#19 C:\xampp\htdocs\yiiblog\framework\web\filters\CFilterChain.php(131): CInlineFilter->filter(Object(CFilterChain))
#20 C:\xampp\htdocs\yiiblog\framework\web\CController.php(291): CFilterChain->run()
#21 C:\xampp\htdocs\yiiblog\framework\web\CController.php(265): CController->runActionWithFilters(Object(CInlineAction), Array)
#22 C:\xampp\htdocs\yiiblog\framework\web\CWebApplication.php(282): CController->run('view')
#23 C:\xampp\htdocs\yiiblog\framework\web\CWebApplication.php(141): CWebApplication->runController('post/view')
#24 C:\xampp\htdocs\yiiblog\framework\base\CApplication.php(185): CWebApplication->processRequest()
#25 C:\xampp\htdocs\yiiblog\index.php(13): CApplication->run()
#26 {main}
REQUEST_URI=/yiiblog/index.php/post/2
HTTP_REFERER=http://localhost/yiiblog/index.php/post/index
---
2018/06/12 13:53:04 [error] [php] Object of class Post could not be converted to string (C:\xampp\htdocs\yiiblog\protected\views\post\view.php:37)
Stack trace:
#0 C:\xampp\htdocs\yiiblog\framework\web\CController.php(872): PostController->renderFile()
#1 C:\xampp\htdocs\yiiblog\framework\web\CController.php(785): PostController->renderPartial()
#2 C:\xampp\htdocs\yiiblog\protected\controllers\PostController.php(53): PostController->render()
#3 unknown(0): PostController->actionView()
#4 C:\xampp\htdocs\yiiblog\framework\web\actions\CAction.php(109): ReflectionMethod->invokeArgs()
#5 C:\xampp\htdocs\yiiblog\framework\web\actions\CInlineAction.php(47): CInlineAction->runWithParamsInternal()
#6 C:\xampp\htdocs\yiiblog\framework\web\CController.php(308): CInlineAction->runWithParams()
#7 C:\xampp\htdocs\yiiblog\framework\web\filters\CFilterChain.php(134): PostController->runAction()
#8 C:\xampp\htdocs\yiiblog\framework\web\filters\CFilter.php(40): CFilterChain->run()
#9 C:\xampp\htdocs\yiiblog\framework\web\CController.php(1148): CAccessControlFilter->filter()
#10 C:\xampp\htdocs\yiiblog\framework\web\filters\CInlineFilter.php(58): PostController->filterAccessControl()
#11 C:\xampp\htdocs\yiiblog\framework\web\filters\CFilterChain.php(131): CInlineFilter->filter()
#12 C:\xampp\htdocs\yiiblog\framework\web\CController.php(291): CFilterChain->run()
#13 C:\xampp\htdocs\yiiblog\framework\web\CController.php(265): PostController->runActionWithFilters()
#14 C:\xampp\htdocs\yiiblog\framework\web\CWebApplication.php(282): PostController->run()
#15 C:\xampp\htdocs\yiiblog\framework\web\CWebApplication.php(141): CWebApplication->runController()
#16 C:\xampp\htdocs\yiiblog\framework\base\CApplication.php(185): CWebApplication->processRequest()
#17 C:\xampp\htdocs\yiiblog\index.php(13): CWebApplication->run()
REQUEST_URI=/yiiblog/index.php/post/2
in C:\xampp\htdocs\yiiblog\protected\views\post\view.php (37)
in C:\xampp\htdocs\yiiblog\protected\controllers\PostController.php (53)
in C:\xampp\htdocs\yiiblog\index.php (13)
